-- starting http server --
-- loginHandler trace in --, handle  /login POST
-- loginHandler trace in --, handle  /login POST
-- loginHandler trace in --, handle  /login POST
-- loginHandler trace in --, handle  /login POST
-- loginHandler trace in --, handle  /login POST
-- loginHandler trace in --, handle  /login POST
-- loginHandler trace in --, handle  /login POST
-- loginHandler trace in --, handle  /login POST
-- loginHandler trace in --, handle  /login POST
-- loginHandler trace in --, handle  /login POST
-- loginHandler trace in --, handle  /login POST
-- loginHandler trace in --, handle  /login POST
-- loginHandler trace in --, handle  /login POST
-- loginHandler trace in --, handle  /login POST
-- loginHandler trace in --, handle  /login POST
-- loginHandler trace in --, handle  /login POST
-- loginHandler trace in --, handle  /login POST
-- loginHandler trace in --, handle  /login POST
-- loginHandler trace in --, handle  /login POST
-- loginHandler trace in --, handle  /login POST
-- loginHandler trace in --, handle  /login POST
-- loginHandler trace in --, handle  /login POST
-- loginHandler trace in --, handle  /login POST
-- loginHandler trace in --, handle  /login POST
-- loginHandler trace in --, handle  /login POST
-- loginHandler trace in --, handle  /login POST
-- loginHandler trace in --, handle  /login POST
-- loginHandler trace in --, handle  /login POST
-- loginHandler trace in --, handle  /login POST
-- loginHandler trace in --, handle  /login POST
-- loginHandler trace in --, handle  /login POST
-- loginHandler trace in --, handle  /login POST
-- loginHandler trace in --, handle  /login POST
-- loginHandler trace in --, handle  /login POST
-- loginHandler trace in --, handle  /login POST
-- loginHandler trace in --, handle  /login POST
-- loginHandler trace in --, handle  /login POST
-- loginHandler trace in --, handle  /login POST
-- loginHandler trace in --, handle  /login POST
-- loginHandler trace in --, handle  /login POST
-- loginHandler trace in --, handle  /login POST
-- loginHandler trace in --, handle  /login POST
-- loginHandler trace in --, handle  /login POST
-- loginHandler trace in --, handle  /login POST
-- loginHandler trace in --, handle  /login POST
-- loginHandler trace in --, handle  /login POST
-- loginHandler trace in --, handle  /login POST
-- loginHandler trace in --, handle  /login POST
-- loginHandler trace in --, handle  /login POST
-- loginHandler trace in --, handle  /login POST
-- loginHandler trace in --, handle  /login POST
-- loginHandler trace in --, handle  /login POST
-- loginHandler trace in --, handle  /login POST
-- loginHandler trace in --, handle  /login POST
-- RPC : write 96 data to tcp server [0 0 0 2 0 0 0 10 0 0 0 74 115 101 97 114 99 104 85 115 101 114 123 34 85 115 101 114 110 97 109 101 34 58 34 53 55 34 44 34 78 105 99 107 110 97 109 101 34 58 34 34 44 34 80 97 115 115 119 111 114 100 34 58 34 53 55 34 44 34 80 105 99 116 117 114 101 85 114 108 34 58 34 34 44 34 84 111 107 101 110 34 58 34 34 125]
-- RPC : write 98 data to tcp server [0 0 0 8 0 0 0 10 0 0 0 76 115 101 97 114 99 104 85 115 101 114 123 34 85 115 101 114 110 97 109 101 34 58 34 49 57 50 34 44 34 78 105 99 107 110 97 109 101 34 58 34 34 44 34 80 97 115 115 119 111 114 100 34 58 34 49 57 50 34 44 34 80 105 99 116 117 114 101 85 114 108 34 58 34 34 44 34 84 111 107 101 110 34 58 34 34 125]
-- loginHandler trace in --, handle  /login POST
-- RPC : write 98 data to tcp server [0 0 0 3 0 0 0 10 0 0 0 76 115 101 97 114 99 104 85 115 101 114 123 34 85 115 101 114 110 97 109 101 34 58 34 49 54 54 34 44 34 78 105 99 107 110 97 109 101 34 58 34 34 44 34 80 97 115 115 119 111 114 100 34 58 34 49 54 54 34 44 34 80 105 99 116 117 114 101 85 114 108 34 58 34 34 44 34 84 111 107 101 110 34 58 34 34 125]
-- RPC : write 96 data to tcp server [0 0 0 1 0 0 0 10 0 0 0 74 115 101 97 114 99 104 85 115 101 114 123 34 85 115 101 114 110 97 109 101 34 58 34 56 50 34 44 34 78 105 99 107 110 97 109 101 34 58 34 34 44 34 80 97 115 115 119 111 114 100 34 58 34 56 50 34 44 34 80 105 99 116 117 114 101 85 114 108 34 58 34 34 44 34 84 111 107 101 110 34 58 34 34 125]
-- RPC : write 96 data to tcp server [0 0 0 13 0 0 0 10 0 0 0 74 115 101 97 114 99 104 85 115 101 114 123 34 85 115 101 114 110 97 109 101 34 58 34 49 48 34 44 34 78 105 99 107 110 97 109 101 34 58 34 34 44 34 80 97 115 115 119 111 114 100 34 58 34 49 48 34 44 34 80 105 99 116 117 114 101 85 114 108 34 58 34 34 44 34 84 111 107 101 110 34 58 34 34 125]
-- RPC : write 98 data to tcp server [0 0 0 7 0 0 0 10 0 0 0 76 115 101 97 114 99 104 85 115 101 114 123 34 85 115 101 114 110 97 109 101 34 58 34 49 57 53 34 44 34 78 105 99 107 110 97 109 101 34 58 34 34 44 34 80 97 115 115 119 111 114 100 34 58 34 49 57 53 34 44 34 80 105 99 116 117 114 101 85 114 108 34 58 34 34 44 34 84 111 107 101 110 34 58 34 34 125]
-- loginHandler trace in --, handle  /login POST
-- RPC : write 98 data to tcp server [0 0 0 11 0 0 0 10 0 0 0 76 115 101 97 114 99 104 85 115 101 114 123 34 85 115 101 114 110 97 109 101 34 58 34 49 56 52 34 44 34 78 105 99 107 110 97 109 101 34 58 34 34 44 34 80 97 115 115 119 111 114 100 34 58 34 49 56 52 34 44 34 80 105 99 116 117 114 101 85 114 108 34 58 34 34 44 34 84 111 107 101 110 34 58 34 34 125]
-- loginHandler trace in --, handle  /login POST
-- loginHandler trace in --, handle  /login POST
-- loginHandler trace in --, handle  /login POST
-- loginHandler trace in --, handle  /login POST
-- loginHandler trace in --, handle  /login POST
-- loginHandler trace in --, handle  /login POST
-- loginHandler trace in --, handle  /login POST
-- loginHandler trace in --, handle  /login POST
-- loginHandler trace in --, handle  /login POST
-- RPC : write 98 data to tcp server [0 0 0 26 0 0 0 10 0 0 0 76 115 101 97 114 99 104 85 115 101 114 123 34 85 115 101 114 110 97 109 101 34 58 34 49 50 50 34 44 34 78 105 99 107 110 97 109 101 34 58 34 34 44 34 80 97 115 115 119 111 114 100 34 58 34 49 50 50 34 44 34 80 105 99 116 117 114 101 85 114 108 34 58 34 34 44 34 84 111 107 101 110 34 58 34 34 125]
-- loginHandler trace in --, handle  /login POST
-- RPC : write 96 data to tcp server [0 0 0 41 0 0 0 10 0 0 0 74 115 101 97 114 99 104 85 115 101 114 123 34 85 115 101 114 110 97 109 101 34 58 34 54 53 34 44 34 78 105 99 107 110 97 109 101 34 58 34 34 44 34 80 97 115 115 119 111 114 100 34 58 34 54 53 34 44 34 80 105 99 116 117 114 101 85 114 108 34 58 34 34 44 34 84 111 107 101 110 34 58 34 34 125]
-- loginHandler trace in --, handle  /login POST
-- loginHandler trace in --, handle  /login POST
-- RPC : write 96 data to tcp server [0 0 0 23 0 0 0 10 0 0 0 74 115 101 97 114 99 104 85 115 101 114 123 34 85 115 101 114 110 97 109 101 34 58 34 51 56 34 44 34 78 105 99 107 110 97 109 101 34 58 34 34 44 34 80 97 115 115 119 111 114 100 34 58 34 51 56 34 44 34 80 105 99 116 117 114 101 85 114 108 34 58 34 34 44 34 84 111 107 101 110 34 58 34 34 125]
-- loginHandler trace in --, handle  /login POST
-- RPC : write 96 data to tcp server [0 0 0 18 0 0 0 10 0 0 0 74 115 101 97 114 99 104 85 115 101 114 123 34 85 115 101 114 110 97 109 101 34 58 34 49 52 34 44 34 78 105 99 107 110 97 109 101 34 58 34 34 44 34 80 97 115 115 119 111 114 100 34 58 34 49 52 34 44 34 80 105 99 116 117 114 101 85 114 108 34 58 34 34 44 34 84 111 107 101 110 34 58 34 34 125]
-- loginHandler trace in --, handle  /login POST
-- loginHandler trace in --, handle  /login POST
-- loginHandler trace in --, handle  /login POST
-- loginHandler trace in --, handle  /login POST
-- loginHandler trace in --, handle  /login POST
-- RPC : write 98 data to tcp server [0 0 0 24 0 0 0 10 0 0 0 76 115 101 97 114 99 104 85 115 101 114 123 34 85 115 101 114 110 97 109 101 34 58 34 49 55 54 34 44 34 78 105 99 107 110 97 109 101 34 58 34 34 44 34 80 97 115 115 119 111 114 100 34 58 34 49 55 54 34 44 34 80 105 99 116 117 114 101 85 114 108 34 58 34 34 44 34 84 111 107 101 110 34 58 34 34 125]
-- RPC : write 94 data to tcp server [0 0 0 16 0 0 0 10 0 0 0 72 115 101 97 114 99 104 85 115 101 114 123 34 85 115 101 114 110 97 109 101 34 58 34 57 34 44 34 78 105 99 107 110 97 109 101 34 58 34 34 44 34 80 97 115 115 119 111 114 100 34 58 34 57 34 44 34 80 105 99 116 117 114 101 85 114 108 34 58 34 34 44 34 84 111 107 101 110 34 58 34 34 125]
-- RPC : write 98 data to tcp server [0 0 0 9 0 0 0 10 0 0 0 76 115 101 97 114 99 104 85 115 101 114 123 34 85 115 101 114 110 97 109 101 34 58 34 49 49 53 34 44 34 78 105 99 107 110 97 109 101 34 58 34 34 44 34 80 97 115 115 119 111 114 100 34 58 34 49 49 53 34 44 34 80 105 99 116 117 114 101 85 114 108 34 58 34 34 44 34 84 111 107 101 110 34 58 34 34 125]
-- loginHandler trace in --, handle  /login POST
-- RPC : write 96 data to tcp server [0 0 0 12 0 0 0 10 0 0 0 74 115 101 97 114 99 104 85 115 101 114 123 34 85 115 101 114 110 97 109 101 34 58 34 52 57 34 44 34 78 105 99 107 110 97 109 101 34 58 34 34 44 34 80 97 115 115 119 111 114 100 34 58 34 52 57 34 44 34 80 105 99 116 117 114 101 85 114 108 34 58 34 34 44 34 84 111 107 101 110 34 58 34 34 125]
-- RPC : write 98 data to tcp server [0 0 0 10 0 0 0 10 0 0 0 76 115 101 97 114 99 104 85 115 101 114 123 34 85 115 101 114 110 97 109 101 34 58 34 49 56 56 34 44 34 78 105 99 107 110 97 109 101 34 58 34 34 44 34 80 97 115 115 119 111 114 100 34 58 34 49 56 56 34 44 34 80 105 99 116 117 114 101 85 114 108 34 58 34 34 44 34 84 111 107 101 110 34 58 34 34 125]
-- loginHandler trace in --, handle  /login POST
-- RPC : write 98 data to tcp server [0 0 0 15 0 0 0 10 0 0 0 76 115 101 97 114 99 104 85 115 101 114 123 34 85 115 101 114 110 97 109 101 34 58 34 49 54 55 34 44 34 78 105 99 107 110 97 109 101 34 58 34 34 44 34 80 97 115 115 119 111 114 100 34 58 34 49 54 55 34 44 34 80 105 99 116 117 114 101 85 114 108 34 58 34 34 44 34 84 111 107 101 110 34 58 34 34 125]
-- RPC : write 96 data to tcp server [0 0 0 14 0 0 0 10 0 0 0 74 115 101 97 114 99 104 85 115 101 114 123 34 85 115 101 114 110 97 109 101 34 58 34 50 53 34 44 34 78 105 99 107 110 97 109 101 34 58 34 34 44 34 80 97 115 115 119 111 114 100 34 58 34 50 53 34 44 34 80 105 99 116 117 114 101 85 114 108 34 58 34 34 44 34 84 111 107 101 110 34 58 34 34 125]
-- loginHandler trace in --, handle  /login POST
-- RPC : write 98 data to tcp server [0 0 0 45 0 0 0 10 0 0 0 76 115 101 97 114 99 104 85 115 101 114 123 34 85 115 101 114 110 97 109 101 34 58 34 49 55 50 34 44 34 78 105 99 107 110 97 109 101 34 58 34 34 44 34 80 97 115 115 119 111 114 100 34 58 34 49 55 50 34 44 34 80 105 99 116 117 114 101 85 114 108 34 58 34 34 44 34 84 111 107 101 110 34 58 34 34 125]
-- RPC : write 94 data to tcp server [0 0 0 4 0 0 0 10 0 0 0 72 115 101 97 114 99 104 85 115 101 114 123 34 85 115 101 114 110 97 109 101 34 58 34 53 34 44 34 78 105 99 107 110 97 109 101 34 58 34 34 44 34 80 97 115 115 119 111 114 100 34 58 34 53 34 44 34 80 105 99 116 117 114 101 85 114 108 34 58 34 34 44 34 84 111 107 101 110 34 58 34 34 125]
-- RPC : write 98 data to tcp server [0 0 0 6 0 0 0 10 0 0 0 76 115 101 97 114 99 104 85 115 101 114 123 34 85 115 101 114 110 97 109 101 34 58 34 49 51 49 34 44 34 78 105 99 107 110 97 109 101 34 58 34 34 44 34 80 97 115 115 119 111 114 100 34 58 34 49 51 49 34 44 34 80 105 99 116 117 114 101 85 114 108 34 58 34 34 44 34 84 111 107 101 110 34 58 34 34 125]
-- loginHandler trace in --, handle  /login POST
-- RPC : write 98 data to tcp server [0 0 0 22 0 0 0 10 0 0 0 76 115 101 97 114 99 104 85 115 101 114 123 34 85 115 101 114 110 97 109 101 34 58 34 49 51 54 34 44 34 78 105 99 107 110 97 109 101 34 58 34 34 44 34 80 97 115 115 119 111 114 100 34 58 34 49 51 54 34 44 34 80 105 99 116 117 114 101 85 114 108 34 58 34 34 44 34 84 111 107 101 110 34 58 34 34 125]
-- loginHandler trace in --, handle  /login POST
-- loginHandler trace in --, handle  /login POST
-- loginHandler trace in --, handle  /login POST
-- RPC : write 98 data to tcp server [0 0 0 25 0 0 0 10 0 0 0 76 115 101 97 114 99 104 85 115 101 114 123 34 85 115 101 114 110 97 109 101 34 58 34 49 51 55 34 44 34 78 105 99 107 110 97 109 101 34 58 34 34 44 34 80 97 115 115 119 111 114 100 34 58 34 49 51 55 34 44 34 80 105 99 116 117 114 101 85 114 108 34 58 34 34 44 34 84 111 107 101 110 34 58 34 34 125]
-- RPC : write 96 data to tcp server [0 0 0 64 0 0 0 10 0 0 0 74 115 101 97 114 99 104 85 115 101 114 123 34 85 115 101 114 110 97 109 101 34 58 34 50 48 34 44 34 78 105 99 107 110 97 109 101 34 58 34 34 44 34 80 97 115 115 119 111 114 100 34 58 34 50 48 34 44 34 80 105 99 116 117 114 101 85 114 108 34 58 34 34 44 34 84 111 107 101 110 34 58 34 34 125]
-- loginHandler trace in --, handle  /login POST
-- RPC : write 98 data to tcp server [0 0 0 53 0 0 0 10 0 0 0 76 115 101 97 114 99 104 85 115 101 114 123 34 85 115 101 114 110 97 109 101 34 58 34 49 48 54 34 44 34 78 105 99 107 110 97 109 101 34 58 34 34 44 34 80 97 115 115 119 111 114 100 34 58 34 49 48 54 34 44 34 80 105 99 116 117 114 101 85 114 108 34 58 34 34 44 34 84 111 107 101 110 34 58 34 34 125]
-- loginHandler trace in --, handle  /login POST
-- loginHandler trace in --, handle  /login POST
-- loginHandler trace in --, handle  /login POST
-- RPC : write 96 data to tcp server [0 0 0 20 0 0 0 10 0 0 0 74 115 101 97 114 99 104 85 115 101 114 123 34 85 115 101 114 110 97 109 101 34 58 34 55 52 34 44 34 78 105 99 107 110 97 109 101 34 58 34 34 44 34 80 97 115 115 119 111 114 100 34 58 34 55 52 34 44 34 80 105 99 116 117 114 101 85 114 108 34 58 34 34 44 34 84 111 107 101 110 34 58 34 34 125]
-- loginHandler trace in --, handle  /login POST
-- loginHandler trace in --, handle  /login POST
-- loginHandler trace in --, handle  /login POST
-- loginHandler trace in --, handle  /login POST
-- loginHandler trace in --, handle  /login POST
-- loginHandler trace in --, handle  /login POST
-- RPC : write 96 data to tcp server [0 0 0 51 0 0 0 10 0 0 0 74 115 101 97 114 99 104 85 115 101 114 123 34 85 115 101 114 110 97 109 101 34 58 34 55 53 34 44 34 78 105 99 107 110 97 109 101 34 58 34 34 44 34 80 97 115 115 119 111 114 100 34 58 34 55 53 34 44 34 80 105 99 116 117 114 101 85 114 108 34 58 34 34 44 34 84 111 107 101 110 34 58 34 34 125]
-- RPC : write 98 data to tcp server [0 0 0 5 0 0 0 10 0 0 0 76 115 101 97 114 99 104 85 115 101 114 123 34 85 115 101 114 110 97 109 101 34 58 34 49 51 57 34 44 34 78 105 99 107 110 97 109 101 34 58 34 34 44 34 80 97 115 115 119 111 114 100 34 58 34 49 51 57 34 44 34 80 105 99 116 117 114 101 85 114 108 34 58 34 34 44 34 84 111 107 101 110 34 58 34 34 125]
-- loginHandler trace in --, handle  /login POST
-- RPC : write 96 data to tcp server [0 0 0 50 0 0 0 10 0 0 0 74 115 101 97 114 99 104 85 115 101 114 123 34 85 115 101 114 110 97 109 101 34 58 34 55 57 34 44 34 78 105 99 107 110 97 109 101 34 58 34 34 44 34 80 97 115 115 119 111 114 100 34 58 34 55 57 34 44 34 80 105 99 116 117 114 101 85 114 108 34 58 34 34 44 34 84 111 107 101 110 34 58 34 34 125]
-- RPC : write 98 data to tcp server [0 0 0 44 0 0 0 10 0 0 0 76 115 101 97 114 99 104 85 115 101 114 123 34 85 115 101 114 110 97 109 101 34 58 34 49 51 53 34 44 34 78 105 99 107 110 97 109 101 34 58 34 34 44 34 80 97 115 115 119 111 114 100 34 58 34 49 51 53 34 44 34 80 105 99 116 117 114 101 85 114 108 34 58 34 34 44 34 84 111 107 101 110 34 58 34 34 125]
-- RPC : write 98 data to tcp server [0 0 0 46 0 0 0 10 0 0 0 76 115 101 97 114 99 104 85 115 101 114 123 34 85 115 101 114 110 97 109 101 34 58 34 49 51 52 34 44 34 78 105 99 107 110 97 109 101 34 58 34 34 44 34 80 97 115 115 119 111 114 100 34 58 34 49 51 52 34 44 34 80 105 99 116 117 114 101 85 114 108 34 58 34 34 44 34 84 111 107 101 110 34 58 34 34 125]
-- RPC : write 98 data to tcp server [0 0 0 40 0 0 0 10 0 0 0 76 115 101 97 114 99 104 85 115 101 114 123 34 85 115 101 114 110 97 109 101 34 58 34 49 51 48 34 44 34 78 105 99 107 110 97 109 101 34 58 34 34 44 34 80 97 115 115 119 111 114 100 34 58 34 49 51 48 34 44 34 80 105 99 116 117 114 101 85 114 108 34 58 34 34 44 34 84 111 107 101 110 34 58 34 34 125]
-- RPC : write 98 data to tcp server [0 0 0 28 0 0 0 10 0 0 0 76 115 101 97 114 99 104 85 115 101 114 123 34 85 115 101 114 110 97 109 101 34 58 34 49 51 51 34 44 34 78 105 99 107 110 97 109 101 34 58 34 34 44 34 80 97 115 115 119 111 114 100 34 58 34 49 51 51 34 44 34 80 105 99 116 117 114 101 85 114 108 34 58 34 34 44 34 84 111 107 101 110 34 58 34 34 125]
-- loginHandler trace in --, handle  /login POST
-- RPC : write 98 data to tcp server [0 0 0 47 0 0 0 10 0 0 0 76 115 101 97 114 99 104 85 115 101 114 123 34 85 115 101 114 110 97 109 101 34 58 34 49 50 56 34 44 34 78 105 99 107 110 97 109 101 34 58 34 34 44 34 80 97 115 115 119 111 114 100 34 58 34 49 50 56 34 44 34 80 105 99 116 117 114 101 85 114 108 34 58 34 34 44 34 84 111 107 101 110 34 58 34 34 125]
-- RPC : write 96 data to tcp server [0 0 0 29 0 0 0 10 0 0 0 74 115 101 97 114 99 104 85 115 101 114 123 34 85 115 101 114 110 97 109 101 34 58 34 53 49 34 44 34 78 105 99 107 110 97 109 101 34 58 34 34 44 34 80 97 115 115 119 111 114 100 34 58 34 53 49 34 44 34 80 105 99 116 117 114 101 85 114 108 34 58 34 34 44 34 84 111 107 101 110 34 58 34 34 125]
-- loginHandler trace in --, handle  /login POST
-- RPC : write 96 data to tcp server [0 0 0 48 0 0 0 10 0 0 0 74 115 101 97 114 99 104 85 115 101 114 123 34 85 115 101 114 110 97 109 101 34 58 34 50 49 34 44 34 78 105 99 107 110 97 109 101 34 58 34 34 44 34 80 97 115 115 119 111 114 100 34 58 34 50 49 34 44 34 80 105 99 116 117 114 101 85 114 108 34 58 34 34 44 34 84 111 107 101 110 34 58 34 34 125]
-- RPC : write 98 data to tcp server [0 0 0 58 0 0 0 10 0 0 0 76 115 101 97 114 99 104 85 115 101 114 123 34 85 115 101 114 110 97 109 101 34 58 34 49 53 56 34 44 34 78 105 99 107 110 97 109 101 34 58 34 34 44 34 80 97 115 115 119 111 114 100 34 58 34 49 53 56 34 44 34 80 105 99 116 117 114 101 85 114 108 34 58 34 34 44 34 84 111 107 101 110 34 58 34 34 125]
-- loginHandler trace in --, handle  /login POST
-- RPC : write 98 data to tcp server [0 0 0 56 0 0 0 10 0 0 0 76 115 101 97 114 99 104 85 115 101 114 123 34 85 115 101 114 110 97 109 101 34 58 34 49 48 53 34 44 34 78 105 99 107 110 97 109 101 34 58 34 34 44 34 80 97 115 115 119 111 114 100 34 58 34 49 48 53 34 44 34 80 105 99 116 117 114 101 85 114 108 34 58 34 34 44 34 84 111 107 101 110 34 58 34 34 125]
-- loginHandler trace in --, handle  /login POST
-- loginHandler trace in --, handle  /login POST
-- RPC : write 98 data to tcp server [0 0 0 21 0 0 0 10 0 0 0 76 115 101 97 114 99 104 85 115 101 114 123 34 85 115 101 114 110 97 109 101 34 58 34 49 51 50 34 44 34 78 105 99 107 110 97 109 101 34 58 34 34 44 34 80 97 115 115 119 111 114 100 34 58 34 49 51 50 34 44 34 80 105 99 116 117 114 101 85 114 108 34 58 34 34 44 34 84 111 107 101 110 34 58 34 34 125]
-- loginHandler trace in --, handle  /login POST
-- RPC : write 96 data to tcp server [0 0 0 57 0 0 0 10 0 0 0 74 115 101 97 114 99 104 85 115 101 114 123 34 85 115 101 114 110 97 109 101 34 58 34 51 50 34 44 34 78 105 99 107 110 97 109 101 34 58 34 34 44 34 80 97 115 115 119 111 114 100 34 58 34 51 50 34 44 34 80 105 99 116 117 114 101 85 114 108 34 58 34 34 44 34 84 111 107 101 110 34 58 34 34 125]
-- loginHandler trace in --, handle  /login POST
-- loginHandler trace in --, handle  /login POST
-- RPC : write 94 data to tcp server [0 0 0 43 0 0 0 10 0 0 0 72 115 101 97 114 99 104 85 115 101 114 123 34 85 115 101 114 110 97 109 101 34 58 34 56 34 44 34 78 105 99 107 110 97 109 101 34 58 34 34 44 34 80 97 115 115 119 111 114 100 34 58 34 56 34 44 34 80 105 99 116 117 114 101 85 114 108 34 58 34 34 44 34 84 111 107 101 110 34 58 34 34 125]
-- loginHandler trace in --, handle  /login POST
-- loginHandler trace in --, handle  /login POST
-- loginHandler trace in --, handle  /login POST
-- RPC : write 98 data to tcp server [0 0 0 60 0 0 0 10 0 0 0 76 115 101 97 114 99 104 85 115 101 114 123 34 85 115 101 114 110 97 109 101 34 58 34 49 48 50 34 44 34 78 105 99 107 110 97 109 101 34 58 34 34 44 34 80 97 115 115 119 111 114 100 34 58 34 49 48 50 34 44 34 80 105 99 116 117 114 101 85 114 108 34 58 34 34 44 34 84 111 107 101 110 34 58 34 34 125]
-- loginHandler trace in --, handle  /login POST
-- RPC : write 98 data to tcp server [0 0 0 62 0 0 0 10 0 0 0 76 115 101 97 114 99 104 85 115 101 114 123 34 85 115 101 114 110 97 109 101 34 58 34 49 56 51 34 44 34 78 105 99 107 110 97 109 101 34 58 34 34 44 34 80 97 115 115 119 111 114 100 34 58 34 49 56 51 34 44 34 80 105 99 116 117 114 101 85 114 108 34 58 34 34 44 34 84 111 107 101 110 34 58 34 34 125]
-- loginHandler trace in --, handle  /login POST
-- RPC : write 98 data to tcp server [0 0 0 30 0 0 0 10 0 0 0 76 115 101 97 114 99 104 85 115 101 114 123 34 85 115 101 114 110 97 109 101 34 58 34 49 56 55 34 44 34 78 105 99 107 110 97 109 101 34 58 34 34 44 34 80 97 115 115 119 111 114 100 34 58 34 49 56 55 34 44 34 80 105 99 116 117 114 101 85 114 108 34 58 34 34 44 34 84 111 107 101 110 34 58 34 34 125]
-- RPC : write 96 data to tcp server [0 0 0 42 0 0 0 10 0 0 0 74 115 101 97 114 99 104 85 115 101 114 123 34 85 115 101 114 110 97 109 101 34 58 34 53 57 34 44 34 78 105 99 107 110 97 109 101 34 58 34 34 44 34 80 97 115 115 119 111 114 100 34 58 34 53 57 34 44 34 80 105 99 116 117 114 101 85 114 108 34 58 34 34 44 34 84 111 107 101 110 34 58 34 34 125]
-- RPC : write 96 data to tcp server [0 0 0 55 0 0 0 10 0 0 0 74 115 101 97 114 99 104 85 115 101 114 123 34 85 115 101 114 110 97 109 101 34 58 34 50 51 34 44 34 78 105 99 107 110 97 109 101 34 58 34 34 44 34 80 97 115 115 119 111 114 100 34 58 34 50 51 34 44 34 80 105 99 116 117 114 101 85 114 108 34 58 34 34 44 34 84 111 107 101 110 34 58 34 34 125]
-- loginHandler trace in --, handle  /login POST
-- loginHandler trace in --, handle  /login POST
-- RPC : write 98 data to tcp server [0 0 0 63 0 0 0 10 0 0 0 76 115 101 97 114 99 104 85 115 101 114 123 34 85 115 101 114 110 97 109 101 34 58 34 49 48 56 34 44 34 78 105 99 107 110 97 109 101 34 58 34 34 44 34 80 97 115 115 119 111 114 100 34 58 34 49 48 56 34 44 34 80 105 99 116 117 114 101 85 114 108 34 58 34 34 44 34 84 111 107 101 110 34 58 34 34 125]
-- RPC : write 98 data to tcp server [0 0 0 59 0 0 0 10 0 0 0 76 115 101 97 114 99 104 85 115 101 114 123 34 85 115 101 114 110 97 109 101 34 58 34 49 57 52 34 44 34 78 105 99 107 110 97 109 101 34 58 34 34 44 34 80 97 115 115 119 111 114 100 34 58 34 49 57 52 34 44 34 80 105 99 116 117 114 101 85 114 108 34 58 34 34 44 34 84 111 107 101 110 34 58 34 34 125]
-- loginHandler trace in --, handle  /login POST
-- loginHandler trace in --, handle  /login POST
-- RPC : write 96 data to tcp server [0 0 0 32 0 0 0 10 0 0 0 74 115 101 97 114 99 104 85 115 101 114 123 34 85 115 101 114 110 97 109 101 34 58 34 55 48 34 44 34 78 105 99 107 110 97 109 101 34 58 34 34 44 34 80 97 115 115 119 111 114 100 34 58 34 55 48 34 44 34 80 105 99 116 117 114 101 85 114 108 34 58 34 34 44 34 84 111 107 101 110 34 58 34 34 125]
-- RPC : write 96 data to tcp server [0 0 0 61 0 0 0 10 0 0 0 74 115 101 97 114 99 104 85 115 101 114 123 34 85 115 101 114 110 97 109 101 34 58 34 54 50 34 44 34 78 105 99 107 110 97 109 101 34 58 34 34 44 34 80 97 115 115 119 111 114 100 34 58 34 54 50 34 44 34 80 105 99 116 117 114 101 85 114 108 34 58 34 34 44 34 84 111 107 101 110 34 58 34 34 125]
-- RPC : write 94 data to tcp server [0 0 0 54 0 0 0 10 0 0 0 72 115 101 97 114 99 104 85 115 101 114 123 34 85 115 101 114 110 97 109 101 34 58 34 51 34 44 34 78 105 99 107 110 97 109 101 34 58 34 34 44 34 80 97 115 115 119 111 114 100 34 58 34 51 34 44 34 80 105 99 116 117 114 101 85 114 108 34 58 34 34 44 34 84 111 107 101 110 34 58 34 34 125]
-- loginHandler trace in --, handle  /login POST
-- loginHandler trace in --, handle  /login POST
-- loginHandler trace in --, handle  /login POST
-- RPC : write 98 data to tcp server [0 0 0 19 0 0 0 10 0 0 0 76 115 101 97 114 99 104 85 115 101 114 123 34 85 115 101 114 110 97 109 101 34 58 34 49 53 53 34 44 34 78 105 99 107 110 97 109 101 34 58 34 34 44 34 80 97 115 115 119 111 114 100 34 58 34 49 53 53 34 44 34 80 105 99 116 117 114 101 85 114 108 34 58 34 34 44 34 84 111 107 101 110 34 58 34 34 125]
-- loginHandler trace in --, handle  /login POST
-- RPC : write 96 data to tcp server [0 0 0 35 0 0 0 10 0 0 0 74 115 101 97 114 99 104 85 115 101 114 123 34 85 115 101 114 110 97 109 101 34 58 34 52 52 34 44 34 78 105 99 107 110 97 109 101 34 58 34 34 44 34 80 97 115 115 119 111 114 100 34 58 34 52 52 34 44 34 80 105 99 116 117 114 101 85 114 108 34 58 34 34 44 34 84 111 107 101 110 34 58 34 34 125]
-- loginHandler trace in --, handle  /login POST
-- RPC : write 98 data to tcp server [0 0 0 49 0 0 0 10 0 0 0 76 115 101 97 114 99 104 85 115 101 114 123 34 85 115 101 114 110 97 109 101 34 58 34 49 50 48 34 44 34 78 105 99 107 110 97 109 101 34 58 34 34 44 34 80 97 115 115 119 111 114 100 34 58 34 49 50 48 34 44 34 80 105 99 116 117 114 101 85 114 108 34 58 34 34 44 34 84 111 107 101 110 34 58 34 34 125]
-- RPC : write 98 data to tcp server [0 0 0 38 0 0 0 10 0 0 0 76 115 101 97 114 99 104 85 115 101 114 123 34 85 115 101 114 110 97 109 101 34 58 34 49 56 57 34 44 34 78 105 99 107 110 97 109 101 34 58 34 34 44 34 80 97 115 115 119 111 114 100 34 58 34 49 56 57 34 44 34 80 105 99 116 117 114 101 85 114 108 34 58 34 34 44 34 84 111 107 101 110 34 58 34 34 125]
-- RPC : write 96 data to tcp server [0 0 0 52 0 0 0 10 0 0 0 74 115 101 97 114 99 104 85 115 101 114 123 34 85 115 101 114 110 97 109 101 34 58 34 57 50 34 44 34 78 105 99 107 110 97 109 101 34 58 34 34 44 34 80 97 115 115 119 111 114 100 34 58 34 57 50 34 44 34 80 105 99 116 117 114 101 85 114 108 34 58 34 34 44 34 84 111 107 101 110 34 58 34 34 125]
-- loginHandler trace in --, handle  /login POST
-- RPC : write 96 data to tcp server [0 0 0 39 0 0 0 10 0 0 0 74 115 101 97 114 99 104 85 115 101 114 123 34 85 115 101 114 110 97 109 101 34 58 34 57 53 34 44 34 78 105 99 107 110 97 109 101 34 58 34 34 44 34 80 97 115 115 119 111 114 100 34 58 34 57 53 34 44 34 80 105 99 116 117 114 101 85 114 108 34 58 34 34 44 34 84 111 107 101 110 34 58 34 34 125]
-- RPC : write 98 data to tcp server [0 0 0 34 0 0 0 10 0 0 0 76 115 101 97 114 99 104 85 115 101 114 123 34 85 115 101 114 110 97 109 101 34 58 34 49 57 54 34 44 34 78 105 99 107 110 97 109 101 34 58 34 34 44 34 80 97 115 115 119 111 114 100 34 58 34 49 57 54 34 44 34 80 105 99 116 117 114 101 85 114 108 34 58 34 34 44 34 84 111 107 101 110 34 58 34 34 125]
-- RPC : write 98 data to tcp server [0 0 0 33 0 0 0 10 0 0 0 76 115 101 97 114 99 104 85 115 101 114 123 34 85 115 101 114 110 97 109 101 34 58 34 49 49 55 34 44 34 78 105 99 107 110 97 109 101 34 58 34 34 44 34 80 97 115 115 119 111 114 100 34 58 34 49 49 55 34 44 34 80 105 99 116 117 114 101 85 114 108 34 58 34 34 44 34 84 111 107 101 110 34 58 34 34 125]
-- RPC : write 96 data to tcp server [0 0 0 17 0 0 0 10 0 0 0 74 115 101 97 114 99 104 85 115 101 114 123 34 85 115 101 114 110 97 109 101 34 58 34 51 57 34 44 34 78 105 99 107 110 97 109 101 34 58 34 34 44 34 80 97 115 115 119 111 114 100 34 58 34 51 57 34 44 34 80 105 99 116 117 114 101 85 114 108 34 58 34 34 44 34 84 111 107 101 110 34 58 34 34 125]
-- loginHandler trace in --, handle  /login POST
-- RPC : write 96 data to tcp server [0 0 0 36 0 0 0 10 0 0 0 74 115 101 97 114 99 104 85 115 101 114 123 34 85 115 101 114 110 97 109 101 34 58 34 51 49 34 44 34 78 105 99 107 110 97 109 101 34 58 34 34 44 34 80 97 115 115 119 111 114 100 34 58 34 51 49 34 44 34 80 105 99 116 117 114 101 85 114 108 34 58 34 34 44 34 84 111 107 101 110 34 58 34 34 125]
-- RPC : write 94 data to tcp server [0 0 0 31 0 0 0 10 0 0 0 72 115 101 97 114 99 104 85 115 101 114 123 34 85 115 101 114 110 97 109 101 34 58 34 55 34 44 34 78 105 99 107 110 97 109 101 34 58 34 34 44 34 80 97 115 115 119 111 114 100 34 58 34 55 34 44 34 80 105 99 116 117 114 101 85 114 108 34 58 34 34 44 34 84 111 107 101 110 34 58 34 34 125]
-- RPC : write 96 data to tcp server [0 0 0 27 0 0 0 10 0 0 0 74 115 101 97 114 99 104 85 115 101 114 123 34 85 115 101 114 110 97 109 101 34 58 34 57 52 34 44 34 78 105 99 107 110 97 109 101 34 58 34 34 44 34 80 97 115 115 119 111 114 100 34 58 34 57 52 34 44 34 80 105 99 116 117 114 101 85 114 108 34 58 34 34 44 34 84 111 107 101 110 34 58 34 34 125]
-- RPC : write 96 data to tcp server [0 0 0 106 0 0 0 10 0 0 0 74 115 101 97 114 99 104 85 115 101 114 123 34 85 115 101 114 110 97 109 101 34 58 34 53 53 34 44 34 78 105 99 107 110 97 109 101 34 58 34 34 44 34 80 97 115 115 119 111 114 100 34 58 34 53 53 34 44 34 80 105 99 116 117 114 101 85 114 108 34 58 34 34 44 34 84 111 107 101 110 34 58 34 34 125]
-- RPC : write 98 data to tcp server [0 0 0 96 0 0 0 10 0 0 0 76 115 101 97 114 99 104 85 115 101 114 123 34 85 115 101 114 110 97 109 101 34 58 34 49 55 51 34 44 34 78 105 99 107 110 97 109 101 34 58 34 34 44 34 80 97 115 115 119 111 114 100 34 58 34 49 55 51 34 44 34 80 105 99 116 117 114 101 85 114 108 34 58 34 34 44 34 84 111 107 101 110 34 58 34 34 125]
-- RPC : write 98 data to tcp server [0 0 0 81 0 0 0 10 0 0 0 76 115 101 97 114 99 104 85 115 101 114 123 34 85 115 101 114 110 97 109 101 34 58 34 49 50 53 34 44 34 78 105 99 107 110 97 109 101 34 58 34 34 44 34 80 97 115 115 119 111 114 100 34 58 34 49 50 53 34 44 34 80 105 99 116 117 114 101 85 114 108 34 58 34 34 44 34 84 111 107 101 110 34 58 34 34 125]
-- RPC : write 96 data to tcp server [0 0 0 98 0 0 0 10 0 0 0 74 115 101 97 114 99 104 85 115 101 114 123 34 85 115 101 114 110 97 109 101 34 58 34 57 56 34 44 34 78 105 99 107 110 97 109 101 34 58 34 34 44 34 80 97 115 115 119 111 114 100 34 58 34 57 56 34 44 34 80 105 99 116 117 114 101 85 114 108 34 58 34 34 44 34 84 111 107 101 110 34 58 34 34 125]
-- RPC : write 96 data to tcp server [0 0 0 104 0 0 0 10 0 0 0 74 115 101 97 114 99 104 85 115 101 114 123 34 85 115 101 114 110 97 109 101 34 58 34 51 55 34 44 34 78 105 99 107 110 97 109 101 34 58 34 34 44 34 80 97 115 115 119 111 114 100 34 58 34 51 55 34 44 34 80 105 99 116 117 114 101 85 114 108 34 58 34 34 44 34 84 111 107 101 110 34 58 34 34 125]
-- RPC : write 98 data to tcp server [0 0 0 97 0 0 0 10 0 0 0 76 115 101 97 114 99 104 85 115 101 114 123 34 85 115 101 114 110 97 109 101 34 58 34 49 53 55 34 44 34 78 105 99 107 110 97 109 101 34 58 34 34 44 34 80 97 115 115 119 111 114 100 34 58 34 49 53 55 34 44 34 80 105 99 116 117 114 101 85 114 108 34 58 34 34 44 34 84 111 107 101 110 34 58 34 34 125]
-- RPC : write 96 data to tcp server [0 0 0 65 0 0 0 10 0 0 0 74 115 101 97 114 99 104 85 115 101 114 123 34 85 115 101 114 110 97 109 101 34 58 34 51 52 34 44 34 78 105 99 107 110 97 109 101 34 58 34 34 44 34 80 97 115 115 119 111 114 100 34 58 34 51 52 34 44 34 80 105 99 116 117 114 101 85 114 108 34 58 34 34 44 34 84 111 107 101 110 34 58 34 34 125]
-- RPC : write 96 data to tcp server [0 0 0 66 0 0 0 10 0 0 0 74 115 101 97 114 99 104 85 115 101 114 123 34 85 115 101 114 110 97 109 101 34 58 34 52 54 34 44 34 78 105 99 107 110 97 109 101 34 58 34 34 44 34 80 97 115 115 119 111 114 100 34 58 34 52 54 34 44 34 80 105 99 116 117 114 101 85 114 108 34 58 34 34 44 34 84 111 107 101 110 34 58 34 34 125]
-- RPC : write 96 data to tcp server [0 0 0 70 0 0 0 10 0 0 0 74 115 101 97 114 99 104 85 115 101 114 123 34 85 115 101 114 110 97 109 101 34 58 34 51 48 34 44 34 78 105 99 107 110 97 109 101 34 58 34 34 44 34 80 97 115 115 119 111 114 100 34 58 34 51 48 34 44 34 80 105 99 116 117 114 101 85 114 108 34 58 34 34 44 34 84 111 107 101 110 34 58 34 34 125]
-- RPC : write 96 data to tcp server [0 0 0 69 0 0 0 10 0 0 0 74 115 101 97 114 99 104 85 115 101 114 123 34 85 115 101 114 110 97 109 101 34 58 34 56 49 34 44 34 78 105 99 107 110 97 109 101 34 58 34 34 44 34 80 97 115 115 119 111 114 100 34 58 34 56 49 34 44 34 80 105 99 116 117 114 101 85 114 108 34 58 34 34 44 34 84 111 107 101 110 34 58 34 34 125]
-- RPC : write 96 data to tcp server [0 0 0 67 0 0 0 10 0 0 0 74 115 101 97 114 99 104 85 115 101 114 123 34 85 115 101 114 110 97 109 101 34 58 34 56 57 34 44 34 78 105 99 107 110 97 109 101 34 58 34 34 44 34 80 97 115 115 119 111 114 100 34 58 34 56 57 34 44 34 80 105 99 116 117 114 101 85 114 108 34 58 34 34 44 34 84 111 107 101 110 34 58 34 34 125]
-- RPC : write 98 data to tcp server [0 0 0 72 0 0 0 10 0 0 0 76 115 101 97 114 99 104 85 115 101 114 123 34 85 115 101 114 110 97 109 101 34 58 34 49 53 54 34 44 34 78 105 99 107 110 97 109 101 34 58 34 34 44 34 80 97 115 115 119 111 114 100 34 58 34 49 53 54 34 44 34 80 105 99 116 117 114 101 85 114 108 34 58 34 34 44 34 84 111 107 101 110 34 58 34 34 125]
-- RPC : write 98 data to tcp server [0 0 0 68 0 0 0 10 0 0 0 76 115 101 97 114 99 104 85 115 101 114 123 34 85 115 101 114 110 97 109 101 34 58 34 49 49 51 34 44 34 78 105 99 107 110 97 109 101 34 58 34 34 44 34 80 97 115 115 119 111 114 100 34 58 34 49 49 51 34 44 34 80 105 99 116 117 114 101 85 114 108 34 58 34 34 44 34 84 111 107 101 110 34 58 34 34 125]
-- RPC : write 96 data to tcp server [0 0 0 75 0 0 0 10 0 0 0 74 115 101 97 114 99 104 85 115 101 114 123 34 85 115 101 114 110 97 109 101 34 58 34 52 50 34 44 34 78 105 99 107 110 97 109 101 34 58 34 34 44 34 80 97 115 115 119 111 114 100 34 58 34 52 50 34 44 34 80 105 99 116 117 114 101 85 114 108 34 58 34 34 44 34 84 111 107 101 110 34 58 34 34 125]
-- RPC : write 98 data to tcp server [0 0 0 71 0 0 0 10 0 0 0 76 115 101 97 114 99 104 85 115 101 114 123 34 85 115 101 114 110 97 109 101 34 58 34 49 54 52 34 44 34 78 105 99 107 110 97 109 101 34 58 34 34 44 34 80 97 115 115 119 111 114 100 34 58 34 49 54 52 34 44 34 80 105 99 116 117 114 101 85 114 108 34 58 34 34 44 34 84 111 107 101 110 34 58 34 34 125]
-- RPC : write 96 data to tcp server [0 0 0 77 0 0 0 10 0 0 0 74 115 101 97 114 99 104 85 115 101 114 123 34 85 115 101 114 110 97 109 101 34 58 34 57 49 34 44 34 78 105 99 107 110 97 109 101 34 58 34 34 44 34 80 97 115 115 119 111 114 100 34 58 34 57 49 34 44 34 80 105 99 116 117 114 101 85 114 108 34 58 34 34 44 34 84 111 107 101 110 34 58 34 34 125]
-- RPC : write 96 data to tcp server [0 0 0 73 0 0 0 10 0 0 0 74 115 101 97 114 99 104 85 115 101 114 123 34 85 115 101 114 110 97 109 101 34 58 34 55 54 34 44 34 78 105 99 107 110 97 109 101 34 58 34 34 44 34 80 97 115 115 119 111 114 100 34 58 34 55 54 34 44 34 80 105 99 116 117 114 101 85 114 108 34 58 34 34 44 34 84 111 107 101 110 34 58 34 34 125]
-- RPC : write 96 data to tcp server [0 0 0 76 0 0 0 10 0 0 0 74 115 101 97 114 99 104 85 115 101 114 123 34 85 115 101 114 110 97 109 101 34 58 34 53 52 34 44 34 78 105 99 107 110 97 109 101 34 58 34 34 44 34 80 97 115 115 119 111 114 100 34 58 34 53 52 34 44 34 80 105 99 116 117 114 101 85 114 108 34 58 34 34 44 34 84 111 107 101 110 34 58 34 34 125]
-- RPC : write 96 data to tcp server [0 0 0 78 0 0 0 10 0 0 0 74 115 101 97 114 99 104 85 115 101 114 123 34 85 115 101 114 110 97 109 101 34 58 34 57 54 34 44 34 78 105 99 107 110 97 109 101 34 58 34 34 44 34 80 97 115 115 119 111 114 100 34 58 34 57 54 34 44 34 80 105 99 116 117 114 101 85 114 108 34 58 34 34 44 34 84 111 107 101 110 34 58 34 34 125]
-- RPC : write 96 data to tcp server [0 0 0 74 0 0 0 10 0 0 0 74 115 101 97 114 99 104 85 115 101 114 123 34 85 115 101 114 110 97 109 101 34 58 34 49 55 34 44 34 78 105 99 107 110 97 109 101 34 58 34 34 44 34 80 97 115 115 119 111 114 100 34 58 34 49 55 34 44 34 80 105 99 116 117 114 101 85 114 108 34 58 34 34 44 34 84 111 107 101 110 34 58 34 34 125]
-- RPC : write 98 data to tcp server [0 0 0 103 0 0 0 10 0 0 0 76 115 101 97 114 99 104 85 115 101 114 123 34 85 115 101 114 110 97 109 101 34 58 34 49 48 52 34 44 34 78 105 99 107 110 97 109 101 34 58 34 34 44 34 80 97 115 115 119 111 114 100 34 58 34 49 48 52 34 44 34 80 105 99 116 117 114 101 85 114 108 34 58 34 34 44 34 84 111 107 101 110 34 58 34 34 125]
-- RPC : write 96 data to tcp server [0 0 0 79 0 0 0 10 0 0 0 74 115 101 97 114 99 104 85 115 101 114 123 34 85 115 101 114 110 97 109 101 34 58 34 57 48 34 44 34 78 105 99 107 110 97 109 101 34 58 34 34 44 34 80 97 115 115 119 111 114 100 34 58 34 57 48 34 44 34 80 105 99 116 117 114 101 85 114 108 34 58 34 34 44 34 84 111 107 101 110 34 58 34 34 125]
-- RPC : write 96 data to tcp server [0 0 0 80 0 0 0 10 0 0 0 74 115 101 97 114 99 104 85 115 101 114 123 34 85 115 101 114 110 97 109 101 34 58 34 54 55 34 44 34 78 105 99 107 110 97 109 101 34 58 34 34 44 34 80 97 115 115 119 111 114 100 34 58 34 54 55 34 44 34 80 105 99 116 117 114 101 85 114 108 34 58 34 34 44 34 84 111 107 101 110 34 58 34 34 125]
-- RPC : write 94 data to tcp server [0 0 0 105 0 0 0 10 0 0 0 72 115 101 97 114 99 104 85 115 101 114 123 34 85 115 101 114 110 97 109 101 34 58 34 49 34 44 34 78 105 99 107 110 97 109 101 34 58 34 34 44 34 80 97 115 115 119 111 114 100 34 58 34 49 34 44 34 80 105 99 116 117 114 101 85 114 108 34 58 34 34 44 34 84 111 107 101 110 34 58 34 34 125]
-- RPC : write 98 data to tcp server [0 0 0 102 0 0 0 10 0 0 0 76 115 101 97 114 99 104 85 115 101 114 123 34 85 115 101 114 110 97 109 101 34 58 34 49 52 53 34 44 34 78 105 99 107 110 97 109 101 34 58 34 34 44 34 80 97 115 115 119 111 114 100 34 58 34 49 52 53 34 44 34 80 105 99 116 117 114 101 85 114 108 34 58 34 34 44 34 84 111 107 101 110 34 58 34 34 125]
-- RPC : write 96 data to tcp server [0 0 0 86 0 0 0 10 0 0 0 74 115 101 97 114 99 104 85 115 101 114 123 34 85 115 101 114 110 97 109 101 34 58 34 55 49 34 44 34 78 105 99 107 110 97 109 101 34 58 34 34 44 34 80 97 115 115 119 111 114 100 34 58 34 55 49 34 44 34 80 105 99 116 117 114 101 85 114 108 34 58 34 34 44 34 84 111 107 101 110 34 58 34 34 125]
-- RPC : write 96 data to tcp server [0 0 0 82 0 0 0 10 0 0 0 74 115 101 97 114 99 104 85 115 101 114 123 34 85 115 101 114 110 97 109 101 34 58 34 49 49 34 44 34 78 105 99 107 110 97 109 101 34 58 34 34 44 34 80 97 115 115 119 111 114 100 34 58 34 49 49 34 44 34 80 105 99 116 117 114 101 85 114 108 34 58 34 34 44 34 84 111 107 101 110 34 58 34 34 125]
-- RPC : write 96 data to tcp server [0 0 0 99 0 0 0 10 0 0 0 74 115 101 97 114 99 104 85 115 101 114 123 34 85 115 101 114 110 97 109 101 34 58 34 54 57 34 44 34 78 105 99 107 110 97 109 101 34 58 34 34 44 34 80 97 115 115 119 111 114 100 34 58 34 54 57 34 44 34 80 105 99 116 117 114 101 85 114 108 34 58 34 34 44 34 84 111 107 101 110 34 58 34 34 125]
-- RPC : write 96 data to tcp server [0 0 0 108 0 0 0 10 0 0 0 74 115 101 97 114 99 104 85 115 101 114 123 34 85 115 101 114 110 97 109 101 34 58 34 56 51 34 44 34 78 105 99 107 110 97 109 101 34 58 34 34 44 34 80 97 115 115 119 111 114 100 34 58 34 56 51 34 44 34 80 105 99 116 117 114 101 85 114 108 34 58 34 34 44 34 84 111 107 101 110 34 58 34 34 125]
-- RPC : write 98 data to tcp server [0 0 0 110 0 0 0 10 0 0 0 76 115 101 97 114 99 104 85 115 101 114 123 34 85 115 101 114 110 97 109 101 34 58 34 49 48 49 34 44 34 78 105 99 107 110 97 109 101 34 58 34 34 44 34 80 97 115 115 119 111 114 100 34 58 34 49 48 49 34 44 34 80 105 99 116 117 114 101 85 114 108 34 58 34 34 44 34 84 111 107 101 110 34 58 34 34 125]
-- RPC : write 98 data to tcp server [0 0 0 83 0 0 0 10 0 0 0 76 115 101 97 114 99 104 85 115 101 114 123 34 85 115 101 114 110 97 109 101 34 58 34 49 50 51 34 44 34 78 105 99 107 110 97 109 101 34 58 34 34 44 34 80 97 115 115 119 111 114 100 34 58 34 49 50 51 34 44 34 80 105 99 116 117 114 101 85 114 108 34 58 34 34 44 34 84 111 107 101 110 34 58 34 34 125]
-- RPC : write 98 data to tcp server [0 0 0 109 0 0 0 10 0 0 0 76 115 101 97 114 99 104 85 115 101 114 123 34 85 115 101 114 110 97 109 101 34 58 34 49 49 49 34 44 34 78 105 99 107 110 97 109 101 34 58 34 34 44 34 80 97 115 115 119 111 114 100 34 58 34 49 49 49 34 44 34 80 105 99 116 117 114 101 85 114 108 34 58 34 34 44 34 84 111 107 101 110 34 58 34 34 125]
-- RPC : write 98 data to tcp server [0 0 0 84 0 0 0 10 0 0 0 76 115 101 97 114 99 104 85 115 101 114 123 34 85 115 101 114 110 97 109 101 34 58 34 49 54 57 34 44 34 78 105 99 107 110 97 109 101 34 58 34 34 44 34 80 97 115 115 119 111 114 100 34 58 34 49 54 57 34 44 34 80 105 99 116 117 114 101 85 114 108 34 58 34 34 44 34 84 111 107 101 110 34 58 34 34 125]
-- RPC : write 96 data to tcp server [0 0 0 99 0 0 0 10 0 0 0 74 115 101 97 114 99 104 85 115 101 114 123 34 85 115 101 114 110 97 109 101 34 58 34 55 55 34 44 34 78 105 99 107 110 97 109 101 34 58 34 34 44 34 80 97 115 115 119 111 114 100 34 58 34 55 55 34 44 34 80 105 99 116 117 114 101 85 114 108 34 58 34 34 44 34 84 111 107 101 110 34 58 34 34 125]
-- RPC : write 96 data to tcp server [0 0 0 100 0 0 0 10 0 0 0 74 115 101 97 114 99 104 85 115 101 114 123 34 85 115 101 114 110 97 109 101 34 58 34 50 57 34 44 34 78 105 99 107 110 97 109 101 34 58 34 34 44 34 80 97 115 115 119 111 114 100 34 58 34 50 57 34 44 34 80 105 99 116 117 114 101 85 114 108 34 58 34 34 44 34 84 111 107 101 110 34 58 34 34 125]
-- RPC : write 98 data to tcp server [0 0 0 85 0 0 0 10 0 0 0 76 115 101 97 114 99 104 85 115 101 114 123 34 85 115 101 114 110 97 109 101 34 58 34 49 52 56 34 44 34 78 105 99 107 110 97 109 101 34 58 34 34 44 34 80 97 115 115 119 111 114 100 34 58 34 49 52 56 34 44 34 80 105 99 116 117 114 101 85 114 108 34 58 34 34 44 34 84 111 107 101 110 34 58 34 34 125]
-- RPC : write 96 data to tcp server [0 0 0 92 0 0 0 10 0 0 0 74 115 101 97 114 99 104 85 115 101 114 123 34 85 115 101 114 110 97 109 101 34 58 34 53 51 34 44 34 78 105 99 107 110 97 109 101 34 58 34 34 44 34 80 97 115 115 119 111 114 100 34 58 34 53 51 34 44 34 80 105 99 116 117 114 101 85 114 108 34 58 34 34 44 34 84 111 107 101 110 34 58 34 34 125]
-- RPC : write 94 data to tcp server [0 0 0 101 0 0 0 10 0 0 0 72 115 101 97 114 99 104 85 115 101 114 123 34 85 115 101 114 110 97 109 101 34 58 34 50 34 44 34 78 105 99 107 110 97 109 101 34 58 34 34 44 34 80 97 115 115 119 111 114 100 34 58 34 50 34 44 34 80 105 99 116 117 114 101 85 114 108 34 58 34 34 44 34 84 111 107 101 110 34 58 34 34 125]
-- RPC : write 96 data to tcp server [0 0 0 93 0 0 0 10 0 0 0 74 115 101 97 114 99 104 85 115 101 114 123 34 85 115 101 114 110 97 109 101 34 58 34 52 51 34 44 34 78 105 99 107 110 97 109 101 34 58 34 34 44 34 80 97 115 115 119 111 114 100 34 58 34 52 51 34 44 34 80 105 99 116 117 114 101 85 114 108 34 58 34 34 44 34 84 111 107 101 110 34 58 34 34 125]
-- RPC : write 98 data to tcp server [0 0 0 91 0 0 0 10 0 0 0 76 115 101 97 114 99 104 85 115 101 114 123 34 85 115 101 114 110 97 109 101 34 58 34 49 49 56 34 44 34 78 105 99 107 110 97 109 101 34 58 34 34 44 34 80 97 115 115 119 111 114 100 34 58 34 49 49 56 34 44 34 80 105 99 116 117 114 101 85 114 108 34 58 34 34 44 34 84 111 107 101 110 34 58 34 34 125]
-- RPC : write 96 data to tcp server [0 0 0 90 0 0 0 10 0 0 0 74 115 101 97 114 99 104 85 115 101 114 123 34 85 115 101 114 110 97 109 101 34 58 34 56 56 34 44 34 78 105 99 107 110 97 109 101 34 58 34 34 44 34 80 97 115 115 119 111 114 100 34 58 34 56 56 34 44 34 80 105 99 116 117 114 101 85 114 108 34 58 34 34 44 34 84 111 107 101 110 34 58 34 34 125]
-- RPC : write 96 data to tcp server [0 0 0 111 0 0 0 10 0 0 0 74 115 101 97 114 99 104 85 115 101 114 123 34 85 115 101 114 110 97 109 101 34 58 34 53 56 34 44 34 78 105 99 107 110 97 109 101 34 58 34 34 44 34 80 97 115 115 119 111 114 100 34 58 34 53 56 34 44 34 80 105 99 116 117 114 101 85 114 108 34 58 34 34 44 34 84 111 107 101 110 34 58 34 34 125]
-- RPC : write 96 data to tcp server [0 0 0 89 0 0 0 10 0 0 0 74 115 101 97 114 99 104 85 115 101 114 123 34 85 115 101 114 110 97 109 101 34 58 34 52 49 34 44 34 78 105 99 107 110 97 109 101 34 58 34 34 44 34 80 97 115 115 119 111 114 100 34 58 34 52 49 34 44 34 80 105 99 116 117 114 101 85 114 108 34 58 34 34 44 34 84 111 107 101 110 34 58 34 34 125]
-- RPC : write 96 data to tcp server [0 0 0 87 0 0 0 10 0 0 0 74 115 101 97 114 99 104 85 115 101 114 123 34 85 115 101 114 110 97 109 101 34 58 34 54 56 34 44 34 78 105 99 107 110 97 109 101 34 58 34 34 44 34 80 97 115 115 119 111 114 100 34 58 34 54 56 34 44 34 80 105 99 116 117 114 101 85 114 108 34 58 34 34 44 34 84 111 107 101 110 34 58 34 34 125]
-- RPC : write 96 data to tcp server [0 0 0 88 0 0 0 10 0 0 0 74 115 101 97 114 99 104 85 115 101 114 123 34 85 115 101 114 110 97 109 101 34 58 34 55 50 34 44 34 78 105 99 107 110 97 109 101 34 58 34 34 44 34 80 97 115 115 119 111 114 100 34 58 34 55 50 34 44 34 80 105 99 116 117 114 101 85 114 108 34 58 34 34 44 34 84 111 107 101 110 34 58 34 34 125]
-- RPC : read header 12 bytes from tcp server [0 0 0 9 0 0 0 0 0 0 0 0]
-- RPC : read body 0 0 bytes from tcp server []
--------------rpc debug 115 req header: {9 10 76} Body: {searchUser {"Username":"115","Nickname":"","Password":"115","PictureUrl":"","Token":""}} resp: {{9 0 0} }
-- RPC : read header 12 bytes from tcp server [0 0 0 10 0 0 0 0 0 0 0 0]
-- RPC : read body 0 0 bytes from tcp server []
--------------rpc debug 188 req header: {10 10 76} Body: {searchUser {"Username":"188","Nickname":"","Password":"188","PictureUrl":"","Token":""}} resp: {{10 0 0} }
-- RPC : read header 12 bytes from tcp server [0 0 0 15 0 0 0 0 0 0 0 0]
-- RPC : read body 0 0 bytes from tcp server []
--------------rpc debug 167 req header: {15 10 76} Body: {searchUser {"Username":"167","Nickname":"","Password":"167","PictureUrl":"","Token":""}} resp: {{15 0 0} }
-- RPC : read header 12 bytes from tcp server [0 0 0 4 0 0 0 0 0 0 0 0]
-- RPC : read body 0 0 bytes from tcp server []
--------------rpc debug 5 req header: {4 10 72} Body: {searchUser {"Username":"5","Nickname":"","Password":"5","PictureUrl":"","Token":""}} resp: {{4 0 0} }
-- RPC : read header 12 bytes from tcp server [0 0 0 13 0 0 0 0 0 0 0 0]
-- RPC : read body 0 0 bytes from tcp server []
--------------rpc debug 10 req header: {13 10 74} Body: {searchUser {"Username":"10","Nickname":"","Password":"10","PictureUrl":"","Token":""}} resp: {{13 0 0} }
-- RPC : read header 12 bytes from tcp server [0 0 0 12 0 0 0 0 0 0 0 0]
-- RPC : read body 0 0 bytes from tcp server []
--------------rpc debug 49 req header: {12 10 74} Body: {searchUser {"Username":"49","Nickname":"","Password":"49","PictureUrl":"","Token":""}} resp: {{12 0 0} }
-- RPC : read header 12 bytes from tcp server [0 0 0 14 0 0 0 0 0 0 0 0]
-- RPC : read body 0 0 bytes from tcp server []
--------------rpc debug 25 req header: {14 10 74} Body: {searchUser {"Username":"25","Nickname":"","Password":"25","PictureUrl":"","Token":""}} resp: {{14 0 0} }
-- RPC : read header 12 bytes from tcp server [0 0 0 8 0 0 0 0 0 0 0 0]
-- RPC : read body 0 0 bytes from tcp server []
--------------rpc debug 192 req header: {8 10 76} Body: {searchUser {"Username":"192","Nickname":"","Password":"192","PictureUrl":"","Token":""}} resp: {{8 0 0} }
-- RPC : read header 12 bytes from tcp server [0 0 0 7 0 0 0 0 0 0 0 0]
-- RPC : read body 0 0 bytes from tcp server []
--------------rpc debug 195 req header: {7 10 76} Body: {searchUser {"Username":"195","Nickname":"","Password":"195","PictureUrl":"","Token":""}} resp: {{7 0 0} }
-- RPC : read header 12 bytes from tcp server [0 0 0 11 0 0 0 0 0 0 0 0]
-- RPC : read header 12 bytes from tcp server [0 0 0 1 0 0 0 0 0 0 0 0]
-- RPC : read body 0 0 bytes from tcp server []
-- RPC : read header 12 bytes from tcp server [0 0 0 24 0 0 0 0 0 0 0 0]
-- RPC : read body 0 0 bytes from tcp server []
--------------rpc debug 176 req header: {24 10 76} Body: {searchUser {"Username":"176","Nickname":"","Password":"176","PictureUrl":"","Token":""}} resp: {{24 0 0} }
--------------rpc debug 82 req header: {1 10 74} Body: {searchUser {"Username":"82","Nickname":"","Password":"82","PictureUrl":"","Token":""}} resp: {{1 0 0} }
-- RPC : read header 12 bytes from tcp server [0 0 0 6 0 0 0 0 0 0 0 0]
-- RPC : read body 0 0 bytes from tcp server []
--------------rpc debug 131 req header: {6 10 76} Body: {searchUser {"Username":"131","Nickname":"","Password":"131","PictureUrl":"","Token":""}} resp: {{6 0 0} }
-- RPC : read header 12 bytes from tcp server [0 0 0 51 0 0 0 0 0 0 0 0]
-- RPC : read body 0 0 bytes from tcp server []
--------------rpc debug 75 req header: {51 10 74} Body: {searchUser {"Username":"75","Nickname":"","Password":"75","PictureUrl":"","Token":""}} resp: {{51 0 0} }
-- RPC : read header 12 bytes from tcp server [0 0 0 3 0 0 0 0 0 0 0 0]
-- RPC : read body 0 0 bytes from tcp server []
--------------rpc debug 166 req header: {3 10 76} Body: {searchUser {"Username":"166","Nickname":"","Password":"166","PictureUrl":"","Token":""}} resp: {{3 0 0} }
-- RPC : read body 0 0 bytes from tcp server []
--------------rpc debug 184 req header: {11 10 76} Body: {searchUser {"Username":"184","Nickname":"","Password":"184","PictureUrl":"","Token":""}} resp: {{11 0 0} }
-- RPC : read header 12 bytes from tcp server [0 0 0 41 0 0 0 0 0 0 0 0]
-- RPC : read body 0 0 bytes from tcp server []
--------------rpc debug 65 req header: {41 10 74} Body: {searchUser {"Username":"65","Nickname":"","Password":"65","PictureUrl":"","Token":""}} resp: {{41 0 0} }
-- RPC : read header 12 bytes from tcp server [0 0 0 20 0 0 0 0 0 0 0 0]
-- RPC : read body 0 0 bytes from tcp server []
--------------rpc debug 74 req header: {20 10 74} Body: {searchUser {"Username":"74","Nickname":"","Password":"74","PictureUrl":"","Token":""}} resp: {{20 0 0} }
-- RPC : read header 12 bytes from tcp server [0 0 0 46 0 0 0 0 0 0 0 0]
-- RPC : read body 0 0 bytes from tcp server []
--------------rpc debug 134 req header: {46 10 76} Body: {searchUser {"Username":"134","Nickname":"","Password":"134","PictureUrl":"","Token":""}} resp: {{46 0 0} }
-- RPC : read header 12 bytes from tcp server [0 0 0 16 0 0 0 0 0 0 0 0]
-- RPC : read body 0 0 bytes from tcp server []
--------------rpc debug 9 req header: {16 10 72} Body: {searchUser {"Username":"9","Nickname":"","Password":"9","PictureUrl":"","Token":""}} resp: {{16 0 0} }
-- RPC : read header 12 bytes from tcp server [0 0 0 40 0 0 0 0 0 0 0 0]
-- RPC : read body 0 0 bytes from tcp server []
--------------rpc debug 130 req header: {40 10 76} Body: {searchUser {"Username":"130","Nickname":"","Password":"130","PictureUrl":"","Token":""}} resp: {{40 0 0} }
-- RPC : read header 12 bytes from tcp server [0 0 0 26 0 0 0 0 0 0 0 0]
-- RPC : read body 0 0 bytes from tcp server []
--------------rpc debug 122 req header: {26 10 76} Body: {searchUser {"Username":"122","Nickname":"","Password":"122","PictureUrl":"","Token":""}} resp: {{26 0 0} }
-- RPC : read header 12 bytes from tcp server [0 0 0 43 0 0 0 0 0 0 0 0]
-- RPC : read body 0 0 bytes from tcp server []
--------------rpc debug 8 req header: {43 10 72} Body: {searchUser {"Username":"8","Nickname":"","Password":"8","PictureUrl":"","Token":""}} resp: {{43 0 0} }
-- RPC : read header 12 bytes from tcp server [0 0 0 45 0 0 0 0 0 0 0 0]
-- RPC : read body 0 0 bytes from tcp server []
--------------rpc debug 172 req header: {45 10 76} Body: {searchUser {"Username":"172","Nickname":"","Password":"172","PictureUrl":"","Token":""}} resp: {{45 0 0} }
-- RPC : read header 12 bytes from tcp server [0 0 0 99 0 0 0 0 0 0 0 0]
-- RPC : read body 0 0 bytes from tcp server []
--------------rpc debug 69 req header: {99 10 74} Body: {searchUser {"Username":"69","Nickname":"","Password":"69","PictureUrl":"","Token":""}} resp: {{99 0 0} }
-- RPC : read header 12 bytes from tcp server [0 0 0 103 0 0 0 0 0 0 0 0]
-- RPC : read body 0 0 bytes from tcp server []
-- RPC : read header 12 bytes from tcp server [0 0 0 19 0 0 0 0 0 0 0 0]
-- RPC : read body 0 0 bytes from tcp server []
--------------rpc debug 155 req header: {19 10 76} Body: {searchUser {"Username":"155","Nickname":"","Password":"155","PictureUrl":"","Token":""}} resp: {{19 0 0} }
--------------rpc debug 104 req header: {103 10 76} Body: {searchUser {"Username":"104","Nickname":"","Password":"104","PictureUrl":"","Token":""}} resp: {{103 0 0} }
-- RPC : read header 12 bytes from tcp server [0 0 0 23 0 0 0 0 0 0 0 0]
-- RPC : read body 0 0 bytes from tcp server []
--------------rpc debug 38 req header: {23 10 74} Body: {searchUser {"Username":"38","Nickname":"","Password":"38","PictureUrl":"","Token":""}} resp: {{23 0 0} }
-- RPC : read header 12 bytes from tcp server [0 0 0 29 0 0 0 0 0 0 0 0]
-- RPC : read body 0 0 bytes from tcp server []
--------------rpc debug 51 req header: {29 10 74} Body: {searchUser {"Username":"51","Nickname":"","Password":"51","PictureUrl":"","Token":""}} resp: {{29 0 0} }
-- RPC : read header 12 bytes from tcp server [0 0 0 78 0 0 0 0 0 0 0 0]
-- RPC : read body 0 0 bytes from tcp server []
--------------rpc debug 96 req header: {78 10 74} Body: {searchUser {"Username":"96","Nickname":"","Password":"96","PictureUrl":"","Token":""}} resp: {{78 0 0} }
-- RPC : read header 12 bytes from tcp server [0 0 0 21 0 0 0 0 0 0 0 0]
-- RPC : read body 0 0 bytes from tcp server []
-- RPC : read header 12 bytes from tcp server [0 0 0 72 0 0 0 0 0 0 0 0]
-- RPC : read body 0 0 bytes from tcp server []
--------------rpc debug 156 req header: {72 10 76} Body: {searchUser {"Username":"156","Nickname":"","Password":"156","PictureUrl":"","Token":""}} resp: {{72 0 0} }
-- RPC : read header 12 bytes from tcp server [0 0 0 108 0 0 0 0 0 0 0 0]
-- RPC : read body 0 0 bytes from tcp server []
--------------rpc debug 83 req header: {108 10 74} Body: {searchUser {"Username":"83","Nickname":"","Password":"83","PictureUrl":"","Token":""}} resp: {{108 0 0} }
--------------rpc debug 132 req header: {21 10 76} Body: {searchUser {"Username":"132","Nickname":"","Password":"132","PictureUrl":"","Token":""}} resp: {{21 0 0} }
-- RPC : read header 12 bytes from tcp server [0 0 0 44 0 0 0 0 0 0 0 0]
-- RPC : read body 0 0 bytes from tcp server []
-- RPC : read header 12 bytes from tcp server [0 0 0 85 0 0 0 0 0 0 0 0]
-- RPC : read body 0 0 bytes from tcp server []
-- RPC : read header 12 bytes from tcp server [0 0 0 87 0 0 0 0 0 0 0 0]
-- RPC : read body 0 0 bytes from tcp server []
-- RPC : read header 12 bytes from tcp server [0 0 0 110 0 0 0 0 0 0 0 0]
-- RPC : read body 0 0 bytes from tcp server []
-- loginHandler trace in --, handle  /login POST
-- loginHandler trace in --, handle  /login POST
-- loginHandler trace in --, handle  /login POST
-- loginHandler trace in --, handle  /login POST
-- loginHandler trace in --, handle  /login POST
-- loginHandler trace in --, handle  /login POST
-- loginHandler trace in --, handle  /login POST
-- RPC : read header 12 bytes from tcp server [0 0 0 17 0 0 0 0 0 0 0 0]
-- RPC : read body 0 0 bytes from tcp server []
--------------rpc debug 39 req header: {17 10 74} Body: {searchUser {"Username":"39","Nickname":"","Password":"39","PictureUrl":"","Token":""}} resp: {{17 0 0} }
-- loginHandler trace in --, handle  /login POST
-- loginHandler trace in --, handle  /login POST
-- RPC : read header 12 bytes from tcp server [0 0 0 42 0 0 0 0 0 0 0 0]
-- RPC : read body 0 0 bytes from tcp server []
--------------rpc debug 59 req header: {42 10 74} Body: {searchUser {"Username":"59","Nickname":"","Password":"59","PictureUrl":"","Token":""}} resp: {{42 0 0} }
-- RPC : read header 12 bytes from tcp server [0 0 0 18 0 0 0 0 0 0 0 0]
-- RPC : read header 12 bytes from tcp server [0 0 0 93 0 0 0 0 0 0 0 0]
-- RPC : read body 0 0 bytes from tcp server []
--------------rpc debug 43 req header: {93 10 74} Body: {searchUser {"Username":"43","Nickname":"","Password":"43","PictureUrl":"","Token":""}} resp: {{93 0 0} }
-- RPC : read header 12 bytes from tcp server [0 0 0 82 0 0 0 0 0 0 0 0]
-- RPC : read body 0 0 bytes from tcp server []
--------------rpc debug 11 req header: {82 10 74} Body: {searchUser {"Username":"11","Nickname":"","Password":"11","PictureUrl":"","Token":""}} resp: {{82 0 0} }
--------------rpc debug 148 req header: {85 10 76} Body: {searchUser {"Username":"148","Nickname":"","Password":"148","PictureUrl":"","Token":""}} resp: {{85 0 0} }
-- loginHandler trace in --, handle  /login POST
-- loginHandler trace in --, handle  /login POST
-- loginHandler trace in --, handle  /login POST
-- loginHandler trace in --, handle  /login POST
--------------rpc debug 135 req header: {44 10 76} Body: {searchUser {"Username":"135","Nickname":"","Password":"135","PictureUrl":"","Token":""}} resp: {{44 0 0} }
-- loginHandler trace in --, handle  /login POST
-- loginHandler trace in --, handle  /login POST
-- RPC : read header 12 bytes from tcp server [0 0 0 48 0 0 0 0 0 0 0 0]
-- RPC : read body 0 0 bytes from tcp server []
--------------rpc debug 21 req header: {48 10 74} Body: {searchUser {"Username":"21","Nickname":"","Password":"21","PictureUrl":"","Token":""}} resp: {{48 0 0} }
-- loginHandler trace in --, handle  /login POST
--------------rpc debug 68 req header: {87 10 74} Body: {searchUser {"Username":"68","Nickname":"","Password":"68","PictureUrl":"","Token":""}} resp: {{87 0 0} }
-- RPC : read header 12 bytes from tcp server [0 0 0 86 0 0 0 0 0 0 0 0]
-- RPC : read body 0 0 bytes from tcp server []
--------------rpc debug 71 req header: {86 10 74} Body: {searchUser {"Username":"71","Nickname":"","Password":"71","PictureUrl":"","Token":""}} resp: {{86 0 0} }
--------------rpc debug 101 req header: {110 10 76} Body: {searchUser {"Username":"101","Nickname":"","Password":"101","PictureUrl":"","Token":""}} resp: {{110 0 0} }
-- loginHandler trace in --, handle  /login POST
-- RPC : read body 0 0 bytes from tcp server []
--------------rpc debug 14 req header: {18 10 74} Body: {searchUser {"Username":"14","Nickname":"","Password":"14","PictureUrl":"","Token":""}} resp: {{18 0 0} }
-- RPC : read header 12 bytes from tcp server [0 0 0 2 0 0 0 0 0 0 0 0]
-- RPC : read body 0 0 bytes from tcp server []
--------------rpc debug 57 req header: {2 10 74} Body: {searchUser {"Username":"57","Nickname":"","Password":"57","PictureUrl":"","Token":""}} resp: {{2 0 0} }
-- loginHandler trace in --, handle  /login POST
-- RPC : write 98 data to tcp server [0 0 0 37 0 0 0 10 0 0 0 76 115 101 97 114 99 104 85 115 101 114 123 34 85 115 101 114 110 97 109 101 34 58 34 49 57 49 34 44 34 78 105 99 107 110 97 109 101 34 58 34 34 44 34 80 97 115 115 119 111 114 100 34 58 34 49 57 49 34 44 34 80 105 99 116 117 114 101 85 114 108 34 58 34 34 44 34 84 111 107 101 110 34 58 34 34 125]
-- loginHandler trace in --, handle  /login POST
-- loginHandler trace in --, handle  /login POST
-- RPC : read header 12 bytes from tcp server [0 0 0 5 0 0 0 0 0 0 0 0]
-- RPC : read body 0 0 bytes from tcp server []
--------------rpc debug 139 req header: {5 10 76} Body: {searchUser {"Username":"139","Nickname":"","Password":"139","PictureUrl":"","Token":""}} resp: {{5 0 0} }
-- loginHandler trace in --, handle  /login POST
-- RPC : read header 12 bytes from tcp server [0 0 0 89 0 0 0 0 0 0 0 0]
-- RPC : read body 0 0 bytes from tcp server []
--------------rpc debug 41 req header: {89 10 74} Body: {searchUser {"Username":"41","Nickname":"","Password":"41","PictureUrl":"","Token":""}} resp: {{89 0 0} }
-- loginHandler trace in --, handle  /login POST
-- loginHandler trace in --, handle  /login POST
-- RPC : write 98 data to tcp server [0 0 0 150 0 0 0 10 0 0 0 76 115 101 97 114 99 104 85 115 101 114 123 34 85 115 101 114 110 97 109 101 34 58 34 49 49 52 34 44 34 78 105 99 107 110 97 109 101 34 58 34 34 44 34 80 97 115 115 119 111 114 100 34 58 34 49 49 52 34 44 34 80 105 99 116 117 114 101 85 114 108 34 58 34 34 44 34 84 111 107 101 110 34 58 34 34 125]
-- RPC : write 98 data to tcp server [0 0 0 95 0 0 0 10 0 0 0 76 115 101 97 114 99 104 85 115 101 114 123 34 85 115 101 114 110 97 109 101 34 58 34 49 49 50 34 44 34 78 105 99 107 110 97 109 101 34 58 34 34 44 34 80 97 115 115 119 111 114 100 34 58 34 49 49 50 34 44 34 80 105 99 116 117 114 101 85 114 108 34 58 34 34 44 34 84 111 107 101 110 34 58 34 34 125]
-- RPC : write 97 data to tcp server [0 0 0 112 0 0 0 9 0 0 0 76 99 104 101 99 107 85 115 101 114 123 34 85 115 101 114 110 97 109 101 34 58 34 49 49 53 34 44 34 78 105 99 107 110 97 109 101 34 58 34 34 44 34 80 97 115 115 119 111 114 100 34 58 34 49 49 53 34 44 34 80 105 99 116 117 114 101 85 114 108 34 58 34 34 44 34 84 111 107 101 110 34 58 34 34 125]
-- RPC : write 98 data to tcp server [0 0 0 94 0 0 0 10 0 0 0 76 115 101 97 114 99 104 85 115 101 114 123 34 85 115 101 114 110 97 109 101 34 58 34 49 55 52 34 44 34 78 105 99 107 110 97 109 101 34 58 34 34 44 34 80 97 115 115 119 111 114 100 34 58 34 49 55 52 34 44 34 80 105 99 116 117 114 101 85 114 108 34 58 34 34 44 34 84 111 107 101 110 34 58 34 34 125]
-- RPC : write 95 data to tcp server [0 0 0 124 0 0 0 9 0 0 0 74 99 104 101 99 107 85 115 101 114 123 34 85 115 101 114 110 97 109 101 34 58 34 55 53 34 44 34 78 105 99 107 110 97 109 101 34 58 34 34 44 34 80 97 115 115 119 111 114 100 34 58 34 55 53 34 44 34 80 105 99 116 117 114 101 85 114 108 34 58 34 34 44 34 84 111 107 101 110 34 58 34 34 125]
-- RPC : write 93 data to tcp server [0 0 0 133 0 0 0 9 0 0 0 72 99 104 101 99 107 85 115 101 114 123 34 85 115 101 114 110 97 109 101 34 58 34 56 34 44 34 78 105 99 107 110 97 109 101 34 58 34 34 44 34 80 97 115 115 119 111 114 100 34 58 34 56 34 44 34 80 105 99 116 117 114 101 85 114 108 34 58 34 34 44 34 84 111 107 101 110 34 58 34 34 125]
-- RPC : write 97 data to tcp server [0 0 0 134 0 0 0 9 0 0 0 76 99 104 101 99 107 85 115 101 114 123 34 85 115 101 114 110 97 109 101 34 58 34 49 55 50 34 44 34 78 105 99 107 110 97 109 101 34 58 34 34 44 34 80 97 115 115 119 111 114 100 34 58 34 49 55 50 34 44 34 80 105 99 116 117 114 101 85 114 108 34 58 34 34 44 34 84 111 107 101 110 34 58 34 34 125]
-- RPC : write 97 data to tcp server [0 0 0 120 0 0 0 9 0 0 0 76 99 104 101 99 107 85 115 101 114 123 34 85 115 101 114 110 97 109 101 34 58 34 49 57 53 34 44 34 78 105 99 107 110 97 109 101 34 58 34 34 44 34 80 97 115 115 119 111 114 100 34 58 34 49 57 53 34 44 34 80 105 99 116 117 114 101 85 114 108 34 58 34 34 44 34 84 111 107 101 110 34 58 34 34 125]
-- RPC : write 97 data to tcp server [0 0 0 121 0 0 0 9 0 0 0 76 99 104 101 99 107 85 115 101 114 123 34 85 115 101 114 110 97 109 101 34 58 34 49 55 54 34 44 34 78 105 99 107 110 97 109 101 34 58 34 34 44 34 80 97 115 115 119 111 114 100 34 58 34 49 55 54 34 44 34 80 105 99 116 117 114 101 85 114 108 34 58 34 34 44 34 84 111 107 101 110 34 58 34 34 125]
-- RPC : write 95 data to tcp server [0 0 0 141 0 0 0 9 0 0 0 74 99 104 101 99 107 85 115 101 114 123 34 85 115 101 114 110 97 109 101 34 58 34 57 54 34 44 34 78 105 99 107 110 97 109 101 34 58 34 34 44 34 80 97 115 115 119 111 114 100 34 58 34 57 54 34 44 34 80 105 99 116 117 114 101 85 114 108 34 58 34 34 44 34 84 111 107 101 110 34 58 34 34 125]
-- RPC : write 97 data to tcp server [0 0 0 125 0 0 0 9 0 0 0 76 99 104 101 99 107 85 115 101 114 123 34 85 115 101 114 110 97 109 101 34 58 34 49 54 54 34 44 34 78 105 99 107 110 97 109 101 34 58 34 34 44 34 80 97 115 115 119 111 114 100 34 58 34 49 54 54 34 44 34 80 105 99 116 117 114 101 85 114 108 34 58 34 34 44 34 84 111 107 101 110 34 58 34 34 125]
-- RPC : write 96 data to tcp server [0 0 0 107 0 0 0 10 0 0 0 74 115 101 97 114 99 104 85 115 101 114 123 34 85 115 101 114 110 97 109 101 34 58 34 54 54 34 44 34 78 105 99 107 110 97 109 101 34 58 34 34 44 34 80 97 115 115 119 111 114 100 34 58 34 54 54 34 44 34 80 105 99 116 117 114 101 85 114 108 34 58 34 34 44 34 84 111 107 101 110 34 58 34 34 125]
-- RPC : write 97 data to tcp server [0 0 0 113 0 0 0 9 0 0 0 76 99 104 101 99 107 85 115 101 114 123 34 85 115 101 114 110 97 109 101 34 58 34 49 56 56 34 44 34 78 105 99 107 110 97 109 101 34 58 34 34 44 34 80 97 115 115 119 111 114 100 34 58 34 49 56 56 34 44 34 80 105 99 116 117 114 101 85 114 108 34 58 34 34 44 34 84 111 107 101 110 34 58 34 34 125]
-- RPC : write 97 data to tcp server [0 0 0 114 0 0 0 9 0 0 0 76 99 104 101 99 107 85 115 101 114 123 34 85 115 101 114 110 97 109 101 34 58 34 49 54 55 34 44 34 78 105 99 107 110 97 109 101 34 58 34 34 44 34 80 97 115 115 119 111 114 100 34 58 34 49 54 55 34 44 34 80 105 99 116 117 114 101 85 114 108 34 58 34 34 44 34 84 111 107 101 110 34 58 34 34 125]
-- RPC : write 93 data to tcp server [0 0 0 115 0 0 0 9 0 0 0 72 99 104 101 99 107 85 115 101 114 123 34 85 115 101 114 110 97 109 101 34 58 34 53 34 44 34 78 105 99 107 110 97 109 101 34 58 34 34 44 34 80 97 115 115 119 111 114 100 34 58 34 53 34 44 34 80 105 99 116 117 114 101 85 114 108 34 58 34 34 44 34 84 111 107 101 110 34 58 34 34 125]
